SF:lib/lokalise_flutter_sdk.dart
DA:12,1
DA:32,1
DA:39,3
DA:40,3
DA:41,1
DA:47,1
DA:48,1
DA:79,1
DA:83,1
DA:84,1
DA:85,1
DA:86,1
DA:87,1
LF:13
LH:13
end_of_record
SF:lib/src/ota/data/persistence/entities/bundle_entity.dart
DA:13,4
DA:19,3
DA:20,6
DA:21,2
DA:22,2
DA:23,2
DA:25,3
DA:26,3
DA:27,3
DA:28,3
DA:29,3
DA:30,4
DA:32,2
DA:33,4
DA:35,2
DA:36,0
DA:44,3
DA:45,3
DA:46,3
DA:47,3
DA:48,3
DA:49,6
DA:50,4
DA:52,2
DA:53,6
DA:59,2
DA:60,2
DA:61,2
DA:62,2
DA:63,2
DA:64,2
DA:65,5
DA:70,3
DA:71,3
DA:72,3
DA:73,3
DA:74,3
DA:75,6
DA:76,7
DA:77,3
LF:40
LH:39
end_of_record
SF:lib/src/ota/domain/services/message_lookup_proxy.dart
DA:15,4
DA:18,4
DA:19,3
DA:22,4
DA:24,6
DA:26,2
DA:27,2
DA:30,1
DA:32,2
DA:35,1
DA:37,2
DA:40,1
DA:49,1
DA:50,2
DA:51,1
DA:52,5
DA:53,3
DA:55,1
DA:57,1
DA:58,2
DA:68,1
DA:70,1
DA:74,2
DA:76,3
DA:79,2
DA:80,2
DA:87,2
DA:100,1
DA:109,1
DA:110,3
DA:113,1
LF:31
LH:31
end_of_record
SF:lib/src/ota/lokalise_v2.dart
DA:19,4
DA:32,4
DA:35,2
DA:36,4
DA:37,4
DA:38,2
DA:40,4
DA:43,2
DA:45,2
DA:46,2
DA:47,2
DA:48,4
DA:49,2
DA:51,4
DA:53,4
DA:55,2
DA:56,2
DA:57,2
DA:61,1
DA:63,2
LF:20
LH:20
end_of_record
SF:lib/src/ota/domain/models/update_result.dart
DA:5,2
LF:1
LH:1
end_of_record
SF:lib/src/ota/helpers/in_memory_initializer.dart
DA:22,2
DA:28,2
DA:30,2
DA:31,2
DA:33,2
DA:34,2
DA:37,2
DA:41,2
DA:46,2
DA:47,2
DA:48,2
DA:53,2
DA:55,4
DA:56,2
DA:60,4
DA:63,2
DA:66,2
DA:68,4
DA:69,2
DA:73,4
DA:76,2
DA:79,2
DA:82,6
DA:83,6
DA:84,6
DA:85,4
DA:87,2
DA:88,4
DA:89,2
DA:93,2
LF:30
LH:30
end_of_record
SF:lib/src/ota/helpers/initializer.dart
DA:31,2
DA:43,2
DA:44,2
DA:45,2
DA:46,4
DA:48,2
DA:49,6
DA:50,2
DA:51,2
DA:52,2
DA:56,2
DA:58,2
DA:61,2
DA:62,2
DA:63,2
DA:64,2
DA:65,2
DA:71,2
DA:72,2
DA:73,2
DA:74,2
DA:78,4
DA:79,2
DA:80,2
DA:83,2
DA:84,2
DA:85,2
DA:86,2
DA:87,2
DA:91,2
DA:93,2
LF:31
LH:31
end_of_record
SF:lib/src/extensions/string.dart
DA:21,8
DA:23,4
DA:27,6
DA:29,3
DA:33,6
DA:35,3
DA:39,6
DA:41,3
DA:45,2
DA:47,1
DA:60,2
DA:61,4
LF:12
LH:12
end_of_record
SF:lib/src/ota/data/api/clients/base_client_response.dart
DA:6,3
DA:8,3
DA:11,3
DA:13,2
DA:16,2
DA:18,6
LF:6
LH:6
end_of_record
SF:lib/src/ota/data/api/clients/bundle_downloader/bundle_downloader_client.dart
DA:10,3
DA:16,1
DA:17,2
DA:19,1
DA:22,2
DA:24,1
DA:25,1
DA:26,2
DA:29,1
DA:31,3
LF:10
LH:10
end_of_record
SF:lib/src/ota/data/api/clients/bundle_downloader/response/bundle_downloader_response.dart
DA:5,2
DA:8,2
LF:2
LH:2
end_of_record
SF:lib/src/ota/data/api/exceptions/api_exception.dart
DA:7,6
DA:9,3
DA:10,3
DA:11,3
DA:12,3
LF:5
LH:5
end_of_record
SF:lib/src/ota/data/api/clients/ota/ota_client.dart
DA:19,3
DA:23,1
DA:25,2
DA:26,3
DA:28,2
DA:31,1
DA:35,1
DA:37,2
DA:38,1
DA:40,1
DA:42,2
DA:46,1
DA:47,1
DA:48,1
DA:50,3
DA:52,1
DA:53,1
DA:55,1
DA:57,2
DA:58,1
DA:60,3
DA:63,1
DA:65,1
DA:68,1
DA:69,1
DA:73,2
DA:75,2
DA:76,3
DA:77,2
DA:78,2
DA:79,1
LF:31
LH:31
end_of_record
SF:lib/src/ota/data/api/clients/ota/response/error/ota_error_response.dart
DA:11,3
DA:21,2
DA:22,2
DA:25,4
DA:26,2
DA:27,6
DA:28,2
DA:31,2
DA:32,2
DA:33,2
DA:38,1
DA:39,1
DA:40,1
DA:41,1
DA:42,5
DA:45,2
DA:46,2
DA:48,4
DA:49,4
DA:52,2
DA:57,4
DA:58,4
DA:61,2
DA:66,2
DA:67,2
LF:25
LH:25
end_of_record
SF:lib/src/ota/data/api/clients/ota/response/ota_response.dart
DA:5,2
DA:6,2
DA:8,2
DA:9,2
LF:4
LH:4
end_of_record
SF:lib/src/ota/data/api/clients/ota/response/success/get_bundle_response.dart
DA:8,3
DA:10,4
DA:12,2
DA:13,2
DA:15,2
DA:16,2
DA:17,2
DA:18,2
DA:22,13
DA:24,2
DA:25,2
DA:27,4
DA:28,2
DA:31,1
DA:34,1
DA:37,2
DA:38,4
DA:39,2
DA:40,8
DA:41,2
DA:48,4
DA:51,2
DA:56,4
DA:57,2
DA:58,2
DA:59,2
DA:66,4
DA:69,2
DA:74,2
DA:75,2
LF:30
LH:30
end_of_record
SF:lib/src/ota/data/api/requests/bundle_request.dart
DA:6,4
DA:12,2
DA:13,2
DA:14,4
DA:15,2
DA:18,2
DA:19,6
LF:7
LH:7
end_of_record
SF:lib/src/ota/domain/exceptions/internal_exception.dart
DA:17,6
DA:19,3
DA:22,3
DA:27,1
DA:30,1
DA:35,1
DA:38,1
DA:43,2
DA:48,1
DA:51,1
DA:56,3
DA:59,3
DA:64,2
DA:65,2
DA:66,2
DA:67,4
DA:68,4
DA:69,3
LF:18
LH:18
end_of_record
SF:lib/src/ota/domain/exceptions/validation_exception.dart
DA:7,5
DA:11,1
DA:12,1
DA:13,5
LF:4
LH:4
end_of_record
SF:lib/src/ota/domain/models/credentials.dart
DA:5,9
LF:1
LH:1
end_of_record
SF:lib/src/ota/domain/services/device_info.dart
DA:11,3
DA:17,3
DA:18,9
DA:19,12
DA:21,3
DA:24,3
DA:26,3
DA:28,3
DA:30,1
DA:32,3
DA:33,3
DA:34,3
DA:37,3
DA:38,3
DA:44,1
DA:45,1
DA:46,1
DA:47,1
DA:48,1
DA:49,1
LF:20
LH:20
end_of_record
SF:lib/src/ota/domain/models/validation_error.dart
DA:7,6
DA:14,2
DA:16,2
DA:18,5
DA:20,6
DA:23,6
LF:6
LH:6
end_of_record
SF:lib/src/ota/data/api/ota_api.dart
DA:16,3
DA:22,1
DA:27,2
DA:32,2
DA:34,1
DA:35,1
DA:37,2
DA:38,1
DA:41,1
DA:42,0
DA:47,1
DA:48,1
DA:49,1
DA:51,1
DA:52,1
DA:56,1
DA:57,1
DA:58,1
DA:59,1
DA:60,1
DA:61,1
DA:63,2
LF:22
LH:21
end_of_record
SF:lib/src/ota/data/api/responses/bundle_response.dart
DA:7,2
LF:1
LH:1
end_of_record
SF:lib/src/ota/domain/exceptions/auth_exception.dart
DA:4,0
DA:5,0
LF:2
LH:0
end_of_record
SF:lib/src/ota/data/persistence/bundle_persistence.dart
DA:10,3
DA:13,2
DA:14,4
DA:15,2
DA:18,4
DA:21,1
DA:22,1
DA:23,3
DA:26,1
DA:27,2
LF:10
LH:10
end_of_record
SF:lib/src/ota/domain/models/bundle.dart
DA:19,11
DA:26,7
DA:30,7
LF:3
LH:3
end_of_record
SF:lib/src/ota/domain/models/language_bundle.dart
DA:7,5
LF:1
LH:1
end_of_record
SF:lib/src/ota/domain/models/translation/simple_translation.dart
DA:9,10
DA:11,10
DA:13,5
DA:14,5
DA:15,5
DA:16,9
DA:17,5
DA:20,4
DA:21,4
DA:22,8
DA:23,16
DA:26,5
DA:28,10
DA:32,15
DA:33,5
DA:34,5
DA:35,5
DA:36,2
DA:37,4
DA:43,15
LF:20
LH:20
end_of_record
SF:lib/src/ota/domain/models/translation/translation.dart
DA:9,10
DA:11,4
DA:12,4
DA:16,8
DA:18,4
DA:19,4
DA:20,2
DA:21,2
LF:8
LH:8
end_of_record
SF:lib/src/ota/data/repositories/in_memory_local_bundle_repository.dart
DA:8,3
DA:11,2
DA:12,2
DA:14,1
DA:16,1
DA:17,1
DA:18,1
DA:21,2
DA:23,2
DA:24,2
LF:10
LH:10
end_of_record
SF:lib/src/ota/data/repositories/in_memory_remote_bundle_repository.dart
DA:9,3
DA:12,2
DA:16,4
DA:17,4
DA:18,1
DA:19,4
LF:6
LH:6
end_of_record
SF:lib/src/ota/domain/dto/get_up_to_date_bundle_dto.dart
DA:9,5
LF:1
LH:1
end_of_record
SF:lib/src/ota/data/repositories/local_bundle_repository.dart
DA:9,3
DA:12,2
DA:14,4
DA:19,2
DA:22,1
DA:24,2
DA:25,1
DA:29,1
DA:31,2
LF:9
LH:9
end_of_record
SF:lib/src/ota/data/repositories/remote_bundle_repository.dart
DA:18,3
DA:20,1
DA:24,1
DA:25,1
DA:26,1
DA:27,1
DA:29,2
DA:30,1
DA:39,1
DA:40,2
DA:41,1
DA:42,1
DA:43,2
DA:47,1
DA:48,1
DA:49,1
DA:52,1
DA:55,3
DA:58,2
DA:60,1
DA:61,2
DA:65,1
DA:66,2
DA:68,3
DA:72,2
DA:74,1
DA:75,1
DA:78,1
DA:85,1
DA:91,1
DA:94,2
DA:96,1
DA:102,1
LF:33
LH:33
end_of_record
SF:lib/src/ota/helpers/message_parser_wrapper.dart
DA:17,4
DA:19,4
DA:20,8
DA:21,4
DA:22,12
DA:23,4
DA:26,4
DA:29,4
DA:32,4
DA:33,1
DA:34,2
DA:35,1
DA:36,1
DA:38,4
DA:39,4
DA:40,4
DA:41,12
DA:42,4
DA:43,4
DA:44,1
DA:45,1
DA:46,1
DA:47,2
DA:48,2
DA:49,2
DA:50,2
DA:51,2
DA:52,2
DA:53,2
DA:60,4
DA:61,4
DA:62,8
DA:63,1
DA:64,2
LF:34
LH:34
end_of_record
SF:lib/src/ota/domain/use_cases/get_local_bundle_use_case.dart
DA:9,4
DA:15,2
DA:22,4
DA:25,8
DA:27,2
DA:30,1
DA:31,2
DA:36,2
LF:8
LH:8
end_of_record
SF:lib/src/ota/domain/services/logger.dart
DA:11,3
DA:14,2
DA:15,2
DA:17,6
DA:18,2
DA:20,4
DA:21,0
DA:24,2
DA:27,1
DA:28,3
DA:30,2
DA:31,1
DA:35,1
DA:36,1
DA:37,1
DA:39,1
DA:40,1
DA:41,1
DA:42,1
DA:46,2
LF:20
LH:19
end_of_record
SF:lib/src/ota/domain/use_cases/get_up_to_date_bundle_use_case.dart
DA:15,4
DA:23,2
DA:26,4
DA:29,6
DA:30,4
DA:32,2
DA:34,1
DA:35,2
DA:36,1
DA:37,2
DA:38,2
DA:39,1
DA:40,2
DA:41,2
DA:43,1
DA:44,2
DA:49,1
DA:50,2
DA:51,1
LF:19
LH:19
end_of_record
SF:lib/src/ota/domain/models/translation/plural_translation.dart
DA:16,4
DA:24,4
DA:26,3
DA:27,3
DA:28,3
DA:29,6
DA:30,0
DA:31,3
DA:32,4
DA:34,7
DA:35,5
DA:36,5
DA:37,3
DA:38,2
DA:43,2
DA:44,2
DA:45,4
DA:46,2
DA:47,4
DA:48,4
DA:49,3
DA:50,3
DA:51,3
DA:52,4
DA:55,1
DA:57,5
DA:61,1
DA:62,2
DA:63,2
DA:64,2
DA:65,2
DA:66,2
DA:67,2
DA:68,2
LF:34
LH:33
end_of_record
SF:lib/src/ota/domain/models/translation/translation_element.dart
DA:8,9
DA:10,9
DA:11,9
DA:13,4
DA:14,4
DA:16,3
DA:17,3
DA:18,6
DA:19,3
DA:22,3
DA:23,12
LF:11
LH:11
end_of_record
SF:lib/src/ota/data/api/clients/ota/response/error/ota_error_info.dart
DA:13,3
DA:21,3
DA:22,3
DA:24,3
DA:25,3
DA:26,3
DA:27,6
DA:28,5
DA:29,5
DA:33,2
DA:34,2
DA:35,2
DA:36,2
DA:37,2
DA:38,2
DA:39,2
DA:42,3
DA:43,3
DA:45,6
DA:46,2
DA:49,1
DA:54,6
DA:55,2
DA:58,1
DA:63,6
DA:64,2
DA:67,1
DA:72,7
DA:73,2
DA:76,1
DA:81,7
DA:82,2
DA:85,1
DA:90,3
DA:91,1
LF:35
LH:35
end_of_record
SF:lib/src/ota/domain/exceptions/lokalise_exception.dart
DA:4,1
LF:1
LH:1
end_of_record
SF:lib/src/extensions/file.dart
DA:7,12
DA:9,4
DA:10,12
DA:14,3
DA:15,6
DA:17,2
DA:18,4
DA:20,4
DA:25,12
DA:26,1
DA:27,2
LF:11
LH:11
end_of_record
SF:lib/src/extensions/directory.dart
DA:6,2
DA:7,2
DA:11,2
DA:14,2
DA:15,6
DA:16,2
DA:20,2
DA:23,4
DA:24,2
DA:25,2
DA:28,3
DA:29,9
DA:30,3
DA:33,6
DA:35,2
DA:38,2
DA:39,2
DA:40,8
DA:41,2
DA:43,5
DA:44,20
DA:46,2
DA:47,10
LF:23
LH:23
end_of_record
SF:lib/src/generator/exceptions/generator_exception.dart
DA:4,1
LF:1
LH:1
end_of_record
SF:lib/src/generator/generator_config.dart
DA:11,3
DA:12,6
DA:31,2
DA:39,1
DA:41,2
DA:53,2
DA:58,2
DA:59,2
DA:63,3
DA:67,2
DA:69,1
DA:72,2
DA:73,1
DA:76,1
DA:77,4
DA:78,1
DA:93,1
DA:95,2
DA:96,1
DA:97,1
DA:98,1
DA:99,1
DA:100,1
DA:101,1
DA:102,1
DA:105,2
DA:107,2
DA:109,2
DA:111,1
DA:112,1
DA:113,1
DA:114,2
DA:120,1
DA:121,1
DA:125,1
DA:126,1
DA:127,1
DA:134,1
DA:135,1
DA:136,1
DA:137,1
DA:138,1
DA:145,1
DA:146,1
DA:147,1
DA:148,3
DA:149,3
DA:150,1
DA:151,3
DA:152,1
DA:153,1
DA:160,1
DA:161,2
DA:162,1
LF:54
LH:54
end_of_record
SF:lib/src/generator/parser/icu_parser.dart
DA:36,6
DA:38,6
DA:40,15
DA:42,12
DA:44,12
DA:46,12
DA:48,9
DA:50,6
DA:52,9
DA:54,12
DA:55,3
DA:56,3
DA:57,5
DA:59,3
DA:60,18
DA:62,9
DA:64,0
DA:66,27
DA:68,9
DA:72,3
DA:73,21
DA:75,6
DA:76,3
DA:78,9
DA:82,23
DA:84,6
DA:86,9
DA:87,6
DA:88,6
DA:89,3
DA:90,3
DA:91,6
DA:92,6
DA:94,3
DA:95,30
DA:97,6
DA:98,8
DA:100,6
DA:102,9
DA:103,6
DA:104,6
DA:105,3
DA:106,3
DA:107,6
DA:108,6
DA:110,3
DA:111,30
DA:113,6
DA:114,8
DA:116,24
DA:117,3
DA:118,6
DA:119,6
DA:121,3
DA:122,30
DA:124,6
DA:125,8
DA:127,18
DA:128,6
DA:129,21
DA:130,6
DA:131,18
DA:132,9
DA:134,18
DA:136,18
DA:138,3
DA:139,24
DA:140,10
DA:141,3
DA:143,11
DA:145,3
DA:146,27
DA:148,3
DA:149,21
DA:150,6
DA:151,7
DA:152,3
DA:153,6
DA:156,3
DA:158,18
LF:80
LH:79
end_of_record
SF:lib/src/generator/parser/message_format.dart
DA:7,3
DA:14,1
DA:18,6
DA:22,6
DA:28,2
DA:34,2
DA:40,2
LF:7
LH:7
end_of_record
SF:lib/src/generator/dart_generator/intl_translation_proxy.dart
DA:35,1
DA:36,2
DA:37,2
DA:38,2
DA:41,1
DA:47,2
DA:48,1
DA:49,1
DA:50,5
DA:52,1
DA:54,1
DA:55,3
DA:58,1
DA:59,3
DA:61,3
DA:63,1
DA:64,3
DA:67,3
DA:70,1
DA:75,2
DA:76,1
DA:78,0
DA:81,1
DA:82,3
DA:84,1
DA:85,5
DA:86,1
DA:88,3
DA:89,2
DA:92,1
DA:97,1
DA:102,1
DA:103,1
DA:104,3
DA:105,1
DA:107,2
LF:36
LH:35
end_of_record
SF:lib/src/generator/dart_generator/localization_generator.dart
DA:13,2
DA:17,2
DA:20,2
DA:21,2
DA:22,2
DA:25,2
DA:26,2
DA:27,12
DA:28,6
DA:30,2
DA:31,4
DA:32,2
DA:33,10
DA:34,2
DA:36,2
DA:38,2
DA:39,2
DA:40,2
DA:41,2
DA:43,2
DA:46,2
DA:51,6
DA:53,6
DA:55,6
DA:58,2
DA:61,2
DA:66,2
DA:67,2
DA:70,2
DA:75,2
DA:93,2
DA:101,2
DA:110,2
DA:115,2
DA:131,10
DA:147,2
DA:150,4
DA:154,2
DA:155,2
DA:157,8
DA:158,2
DA:159,2
DA:160,0
DA:161,2
DA:162,0
DA:163,2
DA:164,0
DA:166,4
DA:168,2
DA:170,2
DA:171,2
DA:175,10
DA:176,2
LF:53
LH:50
end_of_record
SF:lib/src/generator/parser/label.dart
DA:40,6
DA:47,0
DA:49,0
DA:50,0
DA:56,0
DA:58,0
DA:59,0
DA:65,0
DA:67,0
DA:68,0
DA:80,2
DA:82,0
DA:83,0
DA:84,0
DA:87,0
DA:89,0
DA:91,0
DA:93,0
DA:95,0
DA:97,0
DA:99,0
DA:101,6
DA:103,2
DA:104,4
DA:105,0
DA:106,0
DA:108,6
DA:110,2
DA:111,6
DA:113,0
DA:114,0
DA:116,2
DA:117,4
DA:188,0
DA:195,2
DA:196,2
DA:197,2
DA:198,2
DA:199,2
DA:201,2
DA:211,0
DA:212,0
DA:213,0
DA:214,0
DA:215,0
DA:216,0
DA:217,0
DA:218,0
DA:219,0
DA:221,2
DA:227,2
DA:231,2
DA:232,0
DA:233,0
DA:238,2
DA:244,2
DA:248,0
DA:249,0
DA:250,0
DA:253,0
DA:256,2
DA:258,2
DA:260,2
DA:263,0
DA:264,0
DA:269,0
DA:270,0
DA:271,0
DA:272,0
DA:273,0
DA:284,2
DA:288,2
DA:290,4
DA:291,4
DA:293,4
DA:295,0
DA:298,4
DA:299,2
DA:301,4
DA:303,0
DA:307,2
DA:309,2
DA:310,2
DA:311,4
DA:313,2
DA:314,4
DA:315,2
DA:319,2
DA:321,2
DA:322,0
DA:324,2
DA:325,2
DA:326,6
DA:327,2
DA:328,2
DA:329,4
DA:330,4
DA:331,2
DA:332,4
DA:333,2
DA:334,2
DA:335,2
DA:337,0
DA:339,0
DA:341,0
DA:342,0
DA:343,0
DA:344,0
DA:345,0
DA:346,0
DA:347,0
DA:348,0
DA:349,0
DA:350,0
DA:351,0
DA:352,0
DA:353,0
DA:355,0
DA:357,0
DA:359,0
DA:360,0
DA:361,0
DA:362,0
DA:363,0
DA:364,0
DA:365,0
DA:366,0
DA:367,0
DA:368,0
DA:369,0
DA:370,0
DA:371,0
DA:373,0
DA:376,0
DA:377,0
DA:379,0
DA:380,0
DA:381,0
DA:382,0
DA:383,0
DA:384,0
DA:385,0
DA:386,0
DA:387,0
DA:388,0
DA:389,0
DA:390,0
DA:391,0
DA:395,0
DA:396,0
DA:397,0
DA:398,0
DA:399,0
DA:402,0
DA:407,2
DA:409,6
DA:411,0
DA:414,4
DA:416,6
DA:418,0
DA:421,14
DA:423,0
DA:424,0
DA:425,0
DA:429,0
DA:433,8
DA:435,2
DA:436,8
DA:438,2
DA:439,8
DA:441,2
DA:443,6
DA:444,2
DA:445,0
DA:447,0
DA:448,0
DA:450,0
DA:452,0
DA:453,0
DA:454,0
DA:458,0
DA:459,0
DA:460,0
DA:461,0
DA:463,0
DA:466,0
DA:467,0
DA:468,0
DA:470,0
DA:471,0
DA:472,0
DA:473,0
DA:474,0
DA:475,0
DA:480,0
DA:481,0
DA:482,0
DA:483,0
DA:485,0
DA:490,0
DA:491,0
DA:492,0
DA:494,0
DA:496,0
DA:498,0
DA:500,0
DA:501,0
DA:502,0
DA:504,0
DA:508,2
DA:509,2
DA:512,2
DA:514,2
DA:515,2
DA:516,2
DA:518,2
DA:520,0
DA:521,0
DA:527,2
DA:529,0
DA:530,0
DA:536,4
DA:537,4
DA:539,0
DA:540,0
DA:546,2
DA:548,0
DA:549,0
DA:555,2
DA:556,0
DA:557,0
DA:565,2
DA:569,0
DA:570,0
DA:571,2
DA:574,6
DA:579,4
DA:580,4
DA:581,2
DA:582,2
DA:584,10
DA:587,0
DA:589,0
DA:590,0
DA:593,0
DA:595,0
DA:596,0
DA:599,0
DA:601,0
DA:602,0
DA:603,0
DA:604,0
DA:608,0
DA:609,0
DA:617,4
DA:620,2
DA:622,4
DA:623,2
DA:625,4
DA:626,0
DA:628,0
DA:629,0
DA:632,0
DA:633,0
DA:636,0
DA:637,0
DA:638,0
DA:642,0
DA:644,2
DA:650,0
DA:651,0
DA:653,0
DA:654,0
DA:664,0
DA:665,0
DA:666,0
DA:668,0
DA:671,0
DA:672,0
DA:674,0
DA:675,0
DA:676,0
DA:677,0
DA:679,0
DA:682,0
DA:683,0
DA:685,0
DA:686,0
DA:689,0
DA:692,0
DA:693,0
DA:696,0
DA:701,0
DA:702,0
DA:703,0
DA:709,2
DA:710,4
DA:712,4
DA:714,0
DA:716,0
DA:718,0
DA:725,4
DA:727,8
DA:728,4
DA:730,4
DA:732,4
DA:733,6
DA:734,4
DA:736,0
DA:737,0
DA:739,0
DA:740,0
DA:742,0
DA:743,0
DA:745,2
DA:747,2
DA:748,4
DA:749,2
DA:750,2
DA:752,4
DA:754,2
DA:757,10
DA:758,2
DA:760,2
DA:762,2
DA:764,2
DA:766,0
DA:768,0
DA:769,0
DA:771,0
DA:773,0
DA:774,0
DA:776,0
DA:778,0
DA:779,0
DA:783,0
DA:787,2
DA:788,2
DA:796,2
DA:797,4
DA:798,6
DA:799,0
DA:800,0
DA:803,0
DA:804,0
DA:806,0
DA:807,0
DA:808,0
DA:809,0
DA:811,0
DA:812,0
DA:815,0
DA:816,0
DA:818,0
DA:819,0
DA:822,0
DA:823,0
DA:825,0
DA:826,0
DA:829,0
DA:831,0
DA:832,0
DA:835,0
DA:837,0
DA:838,0
DA:841,0
DA:843,0
DA:844,0
DA:850,0
DA:854,0
DA:855,0
DA:856,0
DA:857,0
DA:858,0
DA:860,0
DA:861,0
DA:863,0
DA:864,0
DA:868,0
DA:869,0
DA:870,0
DA:871,0
DA:872,0
DA:873,0
DA:875,0
DA:876,0
DA:877,0
DA:881,0
DA:882,0
DA:883,0
DA:884,0
DA:885,0
DA:886,0
DA:894,0
DA:895,0
DA:897,0
DA:898,0
DA:899,0
DA:901,0
DA:902,0
DA:905,0
DA:907,0
DA:908,0
DA:911,0
DA:913,0
DA:914,0
DA:922,0
DA:926,0
DA:927,0
DA:928,0
DA:931,0
DA:932,0
DA:933,0
DA:934,0
DA:935,0
DA:936,0
DA:938,0
DA:939,0
DA:940,0
DA:944,0
DA:945,0
DA:946,0
DA:947,0
DA:948,0
DA:949,0
DA:957,0
DA:958,0
DA:960,0
DA:961,0
DA:962,0
DA:963,0
DA:965,0
DA:967,0
DA:971,0
DA:972,0
DA:973,0
DA:976,0
DA:977,0
DA:978,0
DA:979,0
DA:980,0
DA:981,0
DA:983,0
DA:984,0
DA:985,0
DA:989,0
DA:990,0
DA:991,0
DA:992,0
DA:993,0
DA:994,0
DA:1002,0
DA:1003,0
DA:1005,0
DA:1006,0
DA:1008,0
DA:1009,0
DA:1010,0
DA:1012,0
DA:1015,0
DA:1016,0
DA:1018,0
DA:1021,0
DA:1022,0
DA:1024,0
DA:1027,0
DA:1029,0
DA:1032,0
DA:1034,0
DA:1037,0
DA:1039,0
DA:1045,0
DA:1048,0
DA:1049,0
DA:1051,0
DA:1052,0
DA:1053,0
DA:1054,0
DA:1056,0
DA:1059,0
DA:1061,0
DA:1064,0
DA:1066,0
DA:1074,0
DA:1077,0
DA:1078,0
DA:1080,0
DA:1081,0
DA:1082,0
DA:1085,0
DA:1088,0
DA:1089,0
DA:1090,0
DA:1094,0
DA:1095,0
DA:1096,0
DA:1097,0
DA:1099,0
DA:1101,0
DA:1104,0
DA:1105,0
DA:1107,0
DA:1109,0
DA:1111,0
DA:1115,0
DA:1119,0
DA:1120,0
DA:1121,0
DA:1127,0
DA:1128,0
DA:1129,0
DA:1130,0
DA:1132,0
DA:1133,0
DA:1135,0
DA:1136,0
DA:1138,0
DA:1141,0
DA:1143,0
DA:1144,0
DA:1146,0
DA:1148,0
DA:1151,0
DA:1153,0
DA:1158,0
DA:1159,0
DA:1161,0
DA:1162,0
DA:1163,0
DA:1164,0
DA:1169,0
DA:1172,0
DA:1173,0
DA:1176,0
DA:1177,0
DA:1179,0
DA:1181,0
DA:1184,0
DA:1186,0
DA:1191,0
DA:1192,0
DA:1196,0
DA:1199,2
DA:1201,2
DA:1202,2
DA:1203,2
DA:1204,2
DA:1205,2
DA:1206,2
DA:1207,2
DA:1208,2
DA:1211,2
DA:1213,2
DA:1214,2
DA:1215,2
DA:1216,2
DA:1217,2
DA:1218,2
LF:558
LH:135
end_of_record
SF:lib/src/generator/dart_generator/synthetic_package_generator.dart
DA:10,2
DA:12,2
DA:13,4
DA:17,4
DA:18,4
DA:21,2
LF:6
LH:6
end_of_record
SF:lib/src/generator/generator.dart
DA:14,1
DA:16,1
DA:17,3
DA:18,1
DA:19,0
DA:22,1
DA:23,2
DA:26,0
DA:27,0
DA:31,1
DA:32,3
DA:33,1
DA:34,1
DA:35,2
DA:36,1
DA:37,0
DA:41,4
DA:42,1
DA:44,1
DA:50,1
DA:56,2
DA:57,3
DA:61,1
DA:66,1
DA:69,2
DA:72,1
DA:74,2
DA:75,2
DA:79,1
DA:84,1
DA:85,1
DA:86,1
DA:87,4
DA:90,1
DA:91,1
DA:97,1
LF:36
LH:32
end_of_record
SF:lib/src/generator/logger.dart
DA:7,3
DA:11,1
DA:13,1
DA:14,1
DA:15,1
DA:16,1
DA:18,2
DA:19,2
DA:20,0
DA:23,1
DA:27,3
DA:29,3
DA:31,3
LF:13
LH:12
end_of_record
